{"total": {"lines":{"total":689,"covered":653,"skipped":0,"pct":94.77},"statements":{"total":689,"covered":653,"skipped":0,"pct":94.77},"functions":{"total":60,"covered":51,"skipped":0,"pct":85},"branches":{"total":110,"covered":97,"skipped":0,"pct":88.18},"branchesTrue":{"total":0,"covered":0,"skipped":0,"pct":"Unknown"}}
,"/home/runner/work/deluge/deluge/src/deluge.js": {"lines":{"total":361,"covered":359,"skipped":0,"pct":99.44},"functions":{"total":29,"covered":28,"skipped":0,"pct":96.55},"statements":{"total":361,"covered":359,"skipped":0,"pct":99.44},"branches":{"total":73,"covered":64,"skipped":0,"pct":87.67}}
,"/home/runner/work/deluge/deluge/src/index.js": {"lines":{"total":4,"covered":4,"skipped":0,"pct":100},"functions":{"total":0,"covered":0,"skipped":0,"pct":100},"statements":{"total":4,"covered":4,"skipped":0,"pct":100},"branches":{"total":1,"covered":1,"skipped":0,"pct":100}}
,"/home/runner/work/deluge/deluge/src/packet.js": {"lines":{"total":147,"covered":135,"skipped":0,"pct":91.83},"functions":{"total":13,"covered":10,"skipped":0,"pct":76.92},"statements":{"total":147,"covered":135,"skipped":0,"pct":91.83},"branches":{"total":14,"covered":12,"skipped":0,"pct":85.71}}
,"/home/runner/work/deluge/deluge/src/peer.js": {"lines":{"total":63,"covered":57,"skipped":0,"pct":90.47},"functions":{"total":6,"covered":5,"skipped":0,"pct":83.33},"statements":{"total":63,"covered":57,"skipped":0,"pct":90.47},"branches":{"total":9,"covered":8,"skipped":0,"pct":88.88}}
,"/home/runner/work/deluge/deluge/src/timestamp-seq.js": {"lines":{"total":114,"covered":98,"skipped":0,"pct":85.96},"functions":{"total":12,"covered":8,"skipped":0,"pct":66.66},"statements":{"total":114,"covered":98,"skipped":0,"pct":85.96},"branches":{"total":13,"covered":12,"skipped":0,"pct":92.3}}
}
